[09/06/23 12:03:10 pm] C:\Program Files (x86)\Embarcadero\Studio\22.0\bin\LicenseManager.exe -silentUpdate

[09/06/23 12:03:10 pm] Looking for license INI file:C:\Program Files (x86)\Embarcadero\Studio\22.0\bin\cglm.ini

[09/06/23 12:03:10 pm] INI file located.

[09/06/23 12:03:10 pm] Initializing LicenseManager.exe
[09/06/23 12:03:10 pm] License Repository Directory:C:\ProgramData\Embarcadero\
[09/06/23 12:03:10 pm] Default License Directory:C:\Program Files (x86)\Embarcadero\Studio\22.0\bin\\..\License
[09/06/23 12:03:10 pm] Root Directory:C:\Program Files (x86)\Embarcadero\Studio\22.0\bin\\..
[09/06/23 12:03:10 pm] License Dir Exists: True
[09/06/23 12:03:10 pm] Root Dir Exists: True
[09/06/23 12:03:10 pm] Default Dir Exists: False
[09/06/23 12:03:10 pm] ProductId:-1 - SkuId:-1

[03/20/24 09:22:40 am] C:\Program Files (x86)\Embarcadero\Studio\22.0\bin\LicenseManager.exe -silentUpdate

[03/20/24 09:22:40 am] Looking for license INI file:C:\Program Files (x86)\Embarcadero\Studio\22.0\bin\cglm.ini

[03/20/24 09:22:40 am] INI file located.

[03/20/24 09:22:40 am] Initializing LicenseManager.exe
[03/20/24 09:22:40 am] License Repository Directory:C:\ProgramData\Embarcadero\
[03/20/24 09:22:40 am] Default License Directory:C:\Program Files (x86)\Embarcadero\Studio\22.0\bin\\..\License
[03/20/24 09:22:40 am] Root Directory:C:\Program Files (x86)\Embarcadero\Studio\22.0\bin\\..
[03/20/24 09:22:40 am] License Dir Exists: True
[03/20/24 09:22:40 am] Root Dir Exists: True
[03/20/24 09:22:40 am] Default Dir Exists: False
[03/20/24 09:22:40 am] ProductId:-1 - SkuId:-1

